2025-02-22 09:47:05,369 - sistema - Sistema_Entrada_Dados - INFO - Logger importado com sucesso
2025-02-22 09:47:05,598 - sistema - Sistema_Entrada_Dados - INFO - Configurações importadas com sucesso
2025-02-22 09:47:05,598 - sistema - Sistema_Entrada_Dados - INFO - Configurações do sistema importadas com sucesso
2025-02-22 09:51:22,013 - sistema - Sistema_Entrada_Dados - INFO - Logger importado com sucesso
2025-02-22 09:51:22,014 - sistema - Sistema_Entrada_Dados - INFO - Configurações importadas com sucesso
2025-02-22 09:51:22,014 - sistema - Sistema_Entrada_Dados - INFO - Configurações do sistema importadas com sucesso
2025-02-22 09:51:23,920 - sistema - Sistema_Entrada_Dados - INFO - Logger importado com sucesso
2025-02-22 09:51:23,921 - sistema - Sistema_Entrada_Dados - INFO - Configurações importadas com sucesso
2025-02-22 09:51:23,921 - sistema - Sistema_Entrada_Dados - INFO - Configurações do sistema importadas com sucesso
2025-02-22 09:56:03,538 - sistema - Sistema_Entrada_Dados - INFO - Logger importado com sucesso
2025-02-22 09:56:03,540 - sistema - Sistema_Entrada_Dados - INFO - Configurações importadas com sucesso
2025-02-22 09:56:03,540 - sistema - Sistema_Entrada_Dados - INFO - Configurações do sistema importadas com sucesso
2025-02-22 09:56:05,837 - sistema - Sistema_Entrada_Dados - INFO - Logger importado com sucesso
2025-02-22 09:56:05,838 - sistema - Sistema_Entrada_Dados - INFO - Configurações importadas com sucesso
2025-02-22 09:56:05,838 - sistema - Sistema_Entrada_Dados - INFO - Configurações do sistema importadas com sucesso
2025-02-22 10:02:46,725 - sistema - Sistema_Entrada_Dados - INFO - Logger importado com sucesso
2025-02-22 10:02:46,728 - sistema - Sistema_Entrada_Dados - INFO - Configurações importadas com sucesso
2025-02-22 10:02:46,728 - sistema - Sistema_Entrada_Dados - INFO - Configurações do sistema importadas com sucesso
2025-02-22 10:02:48,256 - sistema - Sistema_Entrada_Dados - INFO - Logger importado com sucesso
2025-02-22 10:02:48,257 - sistema - Sistema_Entrada_Dados - INFO - Configurações importadas com sucesso
2025-02-22 10:02:48,257 - sistema - Sistema_Entrada_Dados - INFO - Configurações do sistema importadas com sucesso
2025-02-22 10:04:08,136 - sistema - Sistema_Entrada_Dados - INFO - Logger importado com sucesso
2025-02-22 10:04:08,138 - sistema - Sistema_Entrada_Dados - INFO - Configurações importadas com sucesso
2025-02-22 10:04:08,138 - sistema - Sistema_Entrada_Dados - INFO - Configurações do sistema importadas com sucesso
2025-02-22 10:04:09,665 - sistema - Sistema_Entrada_Dados - INFO - Logger importado com sucesso
2025-02-22 10:04:09,665 - sistema - Sistema_Entrada_Dados - INFO - Configurações importadas com sucesso
2025-02-22 10:04:09,665 - sistema - Sistema_Entrada_Dados - INFO - Configurações do sistema importadas com sucesso
2025-02-22 10:07:26,525 - sistema - Sistema_Entrada_Dados - INFO - Logger importado com sucesso
2025-02-22 10:07:26,526 - sistema - Sistema_Entrada_Dados - INFO - Configurações importadas com sucesso
2025-02-22 10:07:26,526 - sistema - Sistema_Entrada_Dados - INFO - Configurações do sistema importadas com sucesso
2025-02-22 10:07:28,661 - sistema - Sistema_Entrada_Dados - INFO - Logger importado com sucesso
2025-02-22 10:07:28,661 - sistema - Sistema_Entrada_Dados - INFO - Configurações importadas com sucesso
2025-02-22 10:07:28,662 - sistema - Sistema_Entrada_Dados - INFO - Configurações do sistema importadas com sucesso
2025-02-22 10:12:42,975 - sistema - Sistema_Entrada_Dados - INFO - Logger importado com sucesso
2025-02-22 10:12:42,977 - sistema - Sistema_Entrada_Dados - INFO - Configurações importadas com sucesso
2025-02-22 10:12:42,978 - sistema - Sistema_Entrada_Dados - INFO - Configurações do sistema importadas com sucesso
2025-02-22 10:12:44,507 - sistema - Sistema_Entrada_Dados - INFO - Logger importado com sucesso
2025-02-22 10:12:44,508 - sistema - Sistema_Entrada_Dados - INFO - Configurações importadas com sucesso
2025-02-22 10:12:44,508 - sistema - Sistema_Entrada_Dados - INFO - Configurações do sistema importadas com sucesso
2025-02-22 10:13:26,667 - sistema - logger_config - INFO - Iniciando: Gerar relatório
2025-02-22 10:29:33,743 - sistema - logger_config - INFO - Iniciando: Gerar relatório
2025-02-22 10:32:14,661 - sistema - logger_config - INFO - Concluído: Gerar relatório
2025-02-22 10:32:14,693 - sistema - logger_config - INFO - Concluído: Gerar relatório
